<?xml version="1.0" encoding="UTF-8"?>
<testsuite xmlns:xsi="http://www.w3.org/2001/XMLSchema-instance" xsi:noNamespaceSchemaLocation="https://maven.apache.org/surefire/maven-surefire-plugin/xsd/surefire-test-report.xsd" name="JackpotTest" time="271.303" tests="7" errors="0" skipped="0" failures="1">
  <properties>
    <property name="java.specification.version" value="19"/>
    <property name="sun.cpu.isalist" value="amd64"/>
    <property name="sun.jnu.encoding" value="Cp1251"/>
    <property name="java.class.path" value="C:\Users\Timofey\YaPraktikum\Diplom\JackPotTest\target\test-classes;C:\Users\Timofey\YaPraktikum\Diplom\JackPotTest\target\classes;C:\Users\Timofey\.m2\repository\junit\junit\4.13.2\junit-4.13.2.jar;C:\Users\Timofey\.m2\repository\org\hamcrest\hamcrest-core\1.3\hamcrest-core-1.3.jar;C:\Users\Timofey\.m2\repository\ch\qos\logback\logback-classic\1.5.6\logback-classic-1.5.6.jar;C:\Users\Timofey\.m2\repository\ch\qos\logback\logback-core\1.5.6\logback-core-1.5.6.jar;C:\Users\Timofey\.m2\repository\org\slf4j\slf4j-api\2.0.13\slf4j-api-2.0.13.jar;C:\Users\Timofey\.m2\repository\com\github\javafaker\javafaker\1.0.2\javafaker-1.0.2.jar;C:\Users\Timofey\.m2\repository\org\apache\commons\commons-lang3\3.5\commons-lang3-3.5.jar;C:\Users\Timofey\.m2\repository\org\yaml\snakeyaml\1.23\snakeyaml-1.23-android.jar;C:\Users\Timofey\.m2\repository\com\github\mifmif\generex\1.0.2\generex-1.0.2.jar;C:\Users\Timofey\.m2\repository\dk\brics\automaton\automaton\1.11-8\automaton-1.11-8.jar;C:\Users\Timofey\.m2\repository\com\fasterxml\jackson\core\jackson-databind\2.15.1\jackson-databind-2.15.1.jar;C:\Users\Timofey\.m2\repository\com\fasterxml\jackson\core\jackson-annotations\2.15.1\jackson-annotations-2.15.1.jar;C:\Users\Timofey\.m2\repository\com\fasterxml\jackson\core\jackson-core\2.15.1\jackson-core-2.15.1.jar;C:\Users\Timofey\.m2\repository\org\postgresql\postgresql\42.7.3\postgresql-42.7.3.jar;C:\Users\Timofey\.m2\repository\org\checkerframework\checker-qual\3.42.0\checker-qual-3.42.0.jar;C:\Users\Timofey\.m2\repository\org\springframework\spring-jdbc\6.1.7\spring-jdbc-6.1.7.jar;C:\Users\Timofey\.m2\repository\org\springframework\spring-beans\6.1.7\spring-beans-6.1.7.jar;C:\Users\Timofey\.m2\repository\org\springframework\spring-core\6.1.7\spring-core-6.1.7.jar;C:\Users\Timofey\.m2\repository\org\springframework\spring-jcl\6.1.7\spring-jcl-6.1.7.jar;C:\Users\Timofey\.m2\repository\org\springframework\spring-tx\6.1.7\spring-tx-6.1.7.jar;C:\Users\Timofey\.m2\repository\io\qameta\allure\allure-junit4\2.26.0\allure-junit4-2.26.0.jar;C:\Users\Timofey\.m2\repository\io\qameta\allure\allure-java-commons\2.26.0\allure-java-commons-2.26.0.jar;C:\Users\Timofey\.m2\repository\io\qameta\allure\allure-model\2.26.0\allure-model-2.26.0.jar;C:\Users\Timofey\.m2\repository\io\qameta\allure\allure-test-filter\2.26.0\allure-test-filter-2.26.0.jar;C:\Users\Timofey\.m2\repository\io\qameta\allure\allure-rest-assured\2.26.0\allure-rest-assured-2.26.0.jar;C:\Users\Timofey\.m2\repository\io\qameta\allure\allure-attachments\2.26.0\allure-attachments-2.26.0.jar;C:\Users\Timofey\.m2\repository\org\freemarker\freemarker\2.3.31\freemarker-2.3.31.jar;C:\Users\Timofey\.m2\repository\org\aspectj\aspectjweaver\1.9.7\aspectjweaver-1.9.7.jar;C:\Users\Timofey\.m2\repository\org\mockito\mockito-core\4.2.0\mockito-core-4.2.0.jar;C:\Users\Timofey\.m2\repository\net\bytebuddy\byte-buddy\1.12.4\byte-buddy-1.12.4.jar;C:\Users\Timofey\.m2\repository\net\bytebuddy\byte-buddy-agent\1.12.4\byte-buddy-agent-1.12.4.jar;C:\Users\Timofey\.m2\repository\org\objenesis\objenesis\3.2\objenesis-3.2.jar;C:\Users\Timofey\.m2\repository\io\rest-assured\rest-assured\5.4.0\rest-assured-5.4.0.jar;C:\Users\Timofey\.m2\repository\org\apache\groovy\groovy\4.0.16\groovy-4.0.16.jar;C:\Users\Timofey\.m2\repository\org\apache\groovy\groovy-xml\4.0.16\groovy-xml-4.0.16.jar;C:\Users\Timofey\.m2\repository\org\apache\httpcomponents\httpclient\4.5.13\httpclient-4.5.13.jar;C:\Users\Timofey\.m2\repository\org\apache\httpcomponents\httpcore\4.4.13\httpcore-4.4.13.jar;C:\Users\Timofey\.m2\repository\commons-logging\commons-logging\1.2\commons-logging-1.2.jar;C:\Users\Timofey\.m2\repository\commons-codec\commons-codec\1.11\commons-codec-1.11.jar;C:\Users\Timofey\.m2\repository\org\apache\httpcomponents\httpmime\4.5.13\httpmime-4.5.13.jar;C:\Users\Timofey\.m2\repository\org\hamcrest\hamcrest\2.2\hamcrest-2.2.jar;C:\Users\Timofey\.m2\repository\org\ccil\cowan\tagsoup\tagsoup\1.2.1\tagsoup-1.2.1.jar;C:\Users\Timofey\.m2\repository\io\rest-assured\json-path\5.4.0\json-path-5.4.0.jar;C:\Users\Timofey\.m2\repository\org\apache\groovy\groovy-json\4.0.16\groovy-json-4.0.16.jar;C:\Users\Timofey\.m2\repository\io\rest-assured\rest-assured-common\5.4.0\rest-assured-common-5.4.0.jar;C:\Users\Timofey\.m2\repository\io\rest-assured\xml-path\5.4.0\xml-path-5.4.0.jar;C:\Users\Timofey\.m2\repository\com\google\code\gson\gson\2.10.1\gson-2.10.1.jar;C:\Users\Timofey\.m2\repository\org\projectlombok\lombok\1.18.32\lombok-1.18.32.jar;"/>
    <property name="java.vm.vendor" value="Oracle Corporation"/>
    <property name="sun.arch.data.model" value="64"/>
    <property name="user.variant" value=""/>
    <property name="java.vendor.url" value="https://java.oracle.com/"/>
    <property name="user.timezone" value="Europe/Moscow"/>
    <property name="os.name" value="Windows 10"/>
    <property name="java.vm.specification.version" value="19"/>
    <property name="sun.java.launcher" value="SUN_STANDARD"/>
    <property name="user.country" value="RU"/>
    <property name="sun.boot.library.path" value="C:\Users\Timofey\.jdks\openjdk-19.0.1\bin"/>
    <property name="sun.java.command" value="C:\Users\Timofey\AppData\Local\Temp\surefire9873938109250235162\surefirebooter15084379494747648305.jar C:\Users\Timofey\AppData\Local\Temp\surefire9873938109250235162 2024-05-24T21-20-33_276-jvmRun1 surefire1831289584107143395tmp surefire_010837355838051153421tmp"/>
    <property name="jdk.debug" value="release"/>
    <property name="surefire.test.class.path" value="C:\Users\Timofey\YaPraktikum\Diplom\JackPotTest\target\test-classes;C:\Users\Timofey\YaPraktikum\Diplom\JackPotTest\target\classes;C:\Users\Timofey\.m2\repository\junit\junit\4.13.2\junit-4.13.2.jar;C:\Users\Timofey\.m2\repository\org\hamcrest\hamcrest-core\1.3\hamcrest-core-1.3.jar;C:\Users\Timofey\.m2\repository\ch\qos\logback\logback-classic\1.5.6\logback-classic-1.5.6.jar;C:\Users\Timofey\.m2\repository\ch\qos\logback\logback-core\1.5.6\logback-core-1.5.6.jar;C:\Users\Timofey\.m2\repository\org\slf4j\slf4j-api\2.0.13\slf4j-api-2.0.13.jar;C:\Users\Timofey\.m2\repository\com\github\javafaker\javafaker\1.0.2\javafaker-1.0.2.jar;C:\Users\Timofey\.m2\repository\org\apache\commons\commons-lang3\3.5\commons-lang3-3.5.jar;C:\Users\Timofey\.m2\repository\org\yaml\snakeyaml\1.23\snakeyaml-1.23-android.jar;C:\Users\Timofey\.m2\repository\com\github\mifmif\generex\1.0.2\generex-1.0.2.jar;C:\Users\Timofey\.m2\repository\dk\brics\automaton\automaton\1.11-8\automaton-1.11-8.jar;C:\Users\Timofey\.m2\repository\com\fasterxml\jackson\core\jackson-databind\2.15.1\jackson-databind-2.15.1.jar;C:\Users\Timofey\.m2\repository\com\fasterxml\jackson\core\jackson-annotations\2.15.1\jackson-annotations-2.15.1.jar;C:\Users\Timofey\.m2\repository\com\fasterxml\jackson\core\jackson-core\2.15.1\jackson-core-2.15.1.jar;C:\Users\Timofey\.m2\repository\org\postgresql\postgresql\42.7.3\postgresql-42.7.3.jar;C:\Users\Timofey\.m2\repository\org\checkerframework\checker-qual\3.42.0\checker-qual-3.42.0.jar;C:\Users\Timofey\.m2\repository\org\springframework\spring-jdbc\6.1.7\spring-jdbc-6.1.7.jar;C:\Users\Timofey\.m2\repository\org\springframework\spring-beans\6.1.7\spring-beans-6.1.7.jar;C:\Users\Timofey\.m2\repository\org\springframework\spring-core\6.1.7\spring-core-6.1.7.jar;C:\Users\Timofey\.m2\repository\org\springframework\spring-jcl\6.1.7\spring-jcl-6.1.7.jar;C:\Users\Timofey\.m2\repository\org\springframework\spring-tx\6.1.7\spring-tx-6.1.7.jar;C:\Users\Timofey\.m2\repository\io\qameta\allure\allure-junit4\2.26.0\allure-junit4-2.26.0.jar;C:\Users\Timofey\.m2\repository\io\qameta\allure\allure-java-commons\2.26.0\allure-java-commons-2.26.0.jar;C:\Users\Timofey\.m2\repository\io\qameta\allure\allure-model\2.26.0\allure-model-2.26.0.jar;C:\Users\Timofey\.m2\repository\io\qameta\allure\allure-test-filter\2.26.0\allure-test-filter-2.26.0.jar;C:\Users\Timofey\.m2\repository\io\qameta\allure\allure-rest-assured\2.26.0\allure-rest-assured-2.26.0.jar;C:\Users\Timofey\.m2\repository\io\qameta\allure\allure-attachments\2.26.0\allure-attachments-2.26.0.jar;C:\Users\Timofey\.m2\repository\org\freemarker\freemarker\2.3.31\freemarker-2.3.31.jar;C:\Users\Timofey\.m2\repository\org\aspectj\aspectjweaver\1.9.7\aspectjweaver-1.9.7.jar;C:\Users\Timofey\.m2\repository\org\mockito\mockito-core\4.2.0\mockito-core-4.2.0.jar;C:\Users\Timofey\.m2\repository\net\bytebuddy\byte-buddy\1.12.4\byte-buddy-1.12.4.jar;C:\Users\Timofey\.m2\repository\net\bytebuddy\byte-buddy-agent\1.12.4\byte-buddy-agent-1.12.4.jar;C:\Users\Timofey\.m2\repository\org\objenesis\objenesis\3.2\objenesis-3.2.jar;C:\Users\Timofey\.m2\repository\io\rest-assured\rest-assured\5.4.0\rest-assured-5.4.0.jar;C:\Users\Timofey\.m2\repository\org\apache\groovy\groovy\4.0.16\groovy-4.0.16.jar;C:\Users\Timofey\.m2\repository\org\apache\groovy\groovy-xml\4.0.16\groovy-xml-4.0.16.jar;C:\Users\Timofey\.m2\repository\org\apache\httpcomponents\httpclient\4.5.13\httpclient-4.5.13.jar;C:\Users\Timofey\.m2\repository\org\apache\httpcomponents\httpcore\4.4.13\httpcore-4.4.13.jar;C:\Users\Timofey\.m2\repository\commons-logging\commons-logging\1.2\commons-logging-1.2.jar;C:\Users\Timofey\.m2\repository\commons-codec\commons-codec\1.11\commons-codec-1.11.jar;C:\Users\Timofey\.m2\repository\org\apache\httpcomponents\httpmime\4.5.13\httpmime-4.5.13.jar;C:\Users\Timofey\.m2\repository\org\hamcrest\hamcrest\2.2\hamcrest-2.2.jar;C:\Users\Timofey\.m2\repository\org\ccil\cowan\tagsoup\tagsoup\1.2.1\tagsoup-1.2.1.jar;C:\Users\Timofey\.m2\repository\io\rest-assured\json-path\5.4.0\json-path-5.4.0.jar;C:\Users\Timofey\.m2\repository\org\apache\groovy\groovy-json\4.0.16\groovy-json-4.0.16.jar;C:\Users\Timofey\.m2\repository\io\rest-assured\rest-assured-common\5.4.0\rest-assured-common-5.4.0.jar;C:\Users\Timofey\.m2\repository\io\rest-assured\xml-path\5.4.0\xml-path-5.4.0.jar;C:\Users\Timofey\.m2\repository\com\google\code\gson\gson\2.10.1\gson-2.10.1.jar;C:\Users\Timofey\.m2\repository\org\projectlombok\lombok\1.18.32\lombok-1.18.32.jar;"/>
    <property name="allure.results.directory" value="C:\Users\Timofey\YaPraktikum\Diplom\JackPotTest\target/allure-results"/>
    <property name="sun.cpu.endian" value="little"/>
    <property name="user.home" value="C:\Users\Timofey"/>
    <property name="user.language" value="ru"/>
    <property name="java.specification.vendor" value="Oracle Corporation"/>
    <property name="java.version.date" value="2022-10-18"/>
    <property name="java.home" value="C:\Users\Timofey\.jdks\openjdk-19.0.1"/>
    <property name="file.separator" value="\"/>
    <property name="basedir" value="C:\Users\Timofey\YaPraktikum\Diplom\JackPotTest"/>
    <property name="java.vm.compressedOopsMode" value="Zero based"/>
    <property name="line.separator" value="&#10;"/>
    <property name="java.vm.specification.vendor" value="Oracle Corporation"/>
    <property name="java.specification.name" value="Java Platform API Specification"/>
    <property name="surefire.real.class.path" value="C:\Users\Timofey\AppData\Local\Temp\surefire9873938109250235162\surefirebooter15084379494747648305.jar"/>
    <property name="user.script" value=""/>
    <property name="sun.management.compiler" value="HotSpot 64-Bit Tiered Compilers"/>
    <property name="java.runtime.version" value="19.0.1+10-21"/>
    <property name="user.name" value="Тимофей"/>
    <property name="stdout.encoding" value="Cp1251"/>
    <property name="path.separator" value=";"/>
    <property name="os.version" value="10.0"/>
    <property name="java.runtime.name" value="OpenJDK Runtime Environment"/>
    <property name="file.encoding" value="UTF-8"/>
    <property name="java.vm.name" value="OpenJDK 64-Bit Server VM"/>
    <property name="localRepository" value="C:\Users\Timofey\.m2\repository"/>
    <property name="java.vendor.url.bug" value="https://bugreport.java.com/bugreport/"/>
    <property name="java.io.tmpdir" value="C:\Users\Timofey\AppData\Local\Temp\"/>
    <property name="idea.version" value="2022.3.1"/>
    <property name="java.version" value="19.0.1"/>
    <property name="user.dir" value="C:\Users\Timofey\YaPraktikum\Diplom\JackPotTest"/>
    <property name="os.arch" value="amd64"/>
    <property name="java.vm.specification.name" value="Java Virtual Machine Specification"/>
    <property name="sun.os.patch.level" value=""/>
    <property name="native.encoding" value="Cp1251"/>
    <property name="java.library.path" value="C:\Users\Timofey\.jdks\openjdk-19.0.1\bin;C:\Windows\Sun\Java\bin;C:\Windows\system32;C:\Windows;C:\Program Files\Common Files\Oracle\Java\javapath;C:\Program Files\Amazon Corretto\jdk11.0.17_8\bin;C:\Windows\system32;C:\Windows;C:\Windows\System32\Wbem;C:\Windows\System32\WindowsPowerShell\v1.0\;C:\Windows\System32\OpenSSH\;C:\Program Files\nodejs\;C:\Program Files\dotnet\;C:\Program Files\Git\cmd;C:\Program Files\Docker\Docker\resources\bin;C:\Users\Timofey\apache-maven-3.8.7\bin;C:\Users\Timofey\WebDriver\bin;C:\Users\Timofey\allure-2.27.0\bin;C:\Users\Timofey\AppData\Local\Programs\Python\Python310\Scripts\;C:\Users\Timofey\AppData\Local\Programs\Python\Python310\;C:\Users\Timofey\AppData\Local\Microsoft\WindowsApps;C:\Users\Timofey\AppData\Roaming\npm;C:\Users\Timofey\AppData\Local\Programs\Microsoft VS Code\bin;C:\Users\Timofey\AppData\Local\Programs\Fiddler;C:\Users\Timofey\.dotnet\tools;C:\Users\Timofey\WebDriver\bin2;;."/>
    <property name="java.vm.info" value="mixed mode, sharing"/>
    <property name="stderr.encoding" value="Cp1251"/>
    <property name="java.vendor" value="Oracle Corporation"/>
    <property name="java.vm.version" value="19.0.1+10-21"/>
    <property name="sun.io.unicode.encoding" value="UnicodeLittle"/>
    <property name="java.class.version" value="63.0"/>
  </properties>
  <testcase name="compareThirdPlaceAmount" classname="JackpotTest" time="0.025"/>
  <testcase name="compareAllPoolAmountIsPresented" classname="JackpotTest" time="0.008">
    <failure message="Amount difference (495.554764177047) is not less than 5 with a tolerance of 0.1" type="java.lang.AssertionError">java.lang.AssertionError: Amount difference (495.554764177047) is not less than 5 with a tolerance of 0.1
	at JackpotTest.compareAllPoolAmountIsPresented(JackpotTest.java:51)
</failure>
  </testcase>
  <testcase name="compareFourPlaceAmount" classname="JackpotTest" time="0.003"/>
  <testcase name="compareSecondPlaceAmount" classname="JackpotTest" time="0.002"/>
  <testcase name="comparePriseWithFiveUSDT" classname="JackpotTest" time="0.006"/>
  <testcase name="compareFivePlaceAmount" classname="JackpotTest" time="0.002"/>
  <testcase name="compareFirstPlaceAmount" classname="JackpotTest" time="0.002"/>
</testsuite>